Performing C SOURCE FILE Test CMAKE_HAVE_LIBC_PTHREAD failed with the following output:
Change Dir: /home/tab/CLionProjects/CREN/cmake-build-debug/CMakeFiles/CMakeTmp

Run Build Command(s):/usr/bin/make cmTC_4509c/fast && /usr/bin/make -f CMakeFiles/cmTC_4509c.dir/build.make CMakeFiles/cmTC_4509c.dir/build
make[1]: вход в каталог «/home/tab/CLionProjects/CREN/cmake-build-debug/CMakeFiles/CMakeTmp»
Building C object CMakeFiles/cmTC_4509c.dir/src.c.o
/usr/bin/cc   -DCMAKE_HAVE_LIBC_PTHREAD   -o CMakeFiles/cmTC_4509c.dir/src.c.o   -c /home/tab/CLionProjects/CREN/cmake-build-debug/CMakeFiles/CMakeTmp/src.c
Linking C executable cmTC_4509c
/snap/clion/103/bin/cmake/linux/bin/cmake -E cmake_link_script CMakeFiles/cmTC_4509c.dir/link.txt --verbose=1
/usr/bin/cc  -DCMAKE_HAVE_LIBC_PTHREAD    CMakeFiles/cmTC_4509c.dir/src.c.o  -o cmTC_4509c 
CMakeFiles/cmTC_4509c.dir/src.c.o: In function `main':
src.c:(.text+0x3e): undefined reference to `pthread_create'
src.c:(.text+0x4a): undefined reference to `pthread_detach'
src.c:(.text+0x5b): undefined reference to `pthread_join'
src.c:(.text+0x6f): undefined reference to `pthread_atfork'
collect2: error: ld returned 1 exit status
CMakeFiles/cmTC_4509c.dir/build.make:86: recipe for target 'cmTC_4509c' failed
make[1]: *** [cmTC_4509c] Error 1
make[1]: выход из каталога «/home/tab/CLionProjects/CREN/cmake-build-debug/CMakeFiles/CMakeTmp»
Makefile:121: recipe for target 'cmTC_4509c/fast' failed
make: *** [cmTC_4509c/fast] Error 2


Source file was:
#include <pthread.h>

void* test_func(void* data)
{
  return data;
}

int main(void)
{
  pthread_t thread;
  pthread_create(&thread, NULL, test_func, NULL);
  pthread_detach(thread);
  pthread_join(thread, NULL);
  pthread_atfork(NULL, NULL, NULL);
  pthread_exit(NULL);

  return 0;
}

Determining if the function pthread_create exists in the pthreads failed with the following output:
Change Dir: /home/tab/CLionProjects/CREN/cmake-build-debug/CMakeFiles/CMakeTmp

Run Build Command(s):/usr/bin/make cmTC_24aae/fast && /usr/bin/make -f CMakeFiles/cmTC_24aae.dir/build.make CMakeFiles/cmTC_24aae.dir/build
make[1]: вход в каталог «/home/tab/CLionProjects/CREN/cmake-build-debug/CMakeFiles/CMakeTmp»
Building C object CMakeFiles/cmTC_24aae.dir/CheckFunctionExists.c.o
/usr/bin/cc   -DCHECK_FUNCTION_EXISTS=pthread_create   -o CMakeFiles/cmTC_24aae.dir/CheckFunctionExists.c.o   -c /snap/clion/103/bin/cmake/linux/share/cmake-3.15/Modules/CheckFunctionExists.c
Linking C executable cmTC_24aae
/snap/clion/103/bin/cmake/linux/bin/cmake -E cmake_link_script CMakeFiles/cmTC_24aae.dir/link.txt --verbose=1
/usr/bin/cc  -DCHECK_FUNCTION_EXISTS=pthread_create    CMakeFiles/cmTC_24aae.dir/CheckFunctionExists.c.o  -o cmTC_24aae -lpthreads 
/usr/bin/ld: cannot find -lpthreads
collect2: error: ld returned 1 exit status
CMakeFiles/cmTC_24aae.dir/build.make:86: recipe for target 'cmTC_24aae' failed
make[1]: *** [cmTC_24aae] Error 1
make[1]: выход из каталога «/home/tab/CLionProjects/CREN/cmake-build-debug/CMakeFiles/CMakeTmp»
Makefile:121: recipe for target 'cmTC_24aae/fast' failed
make: *** [cmTC_24aae/fast] Error 2



